生成启动时间为 2016/11/4 14:49:04。
     1>项目“C:\Users\avectoi\Documents\Visual Studio 2013\Projects\ConsoleApplication2\ConsoleApplication2\ConsoleApplication2.vcxproj”在节点 2 上(Build 个目标)。
     1>ClCompile:
         C:\Program Files (x86)\Microsoft Visual Studio 12.0\VC\bin\CL.exe /c /ZI /nologo /W3 /WX- /Od /Oy- /D WIN32 /D _DEBUG /D _CONSOLE /D _LIB /D _UNICODE /D UNICODE /Gm /EHsc /RTC1 /MDd /GS /fp:precise /Zc:wchar_t /Zc:forScope /Fo"Debug\\" /Fd"Debug\vc120.pdb" /Gd /TP /analyze- /errorReport:prompt main.cpp
         main.cpp
     1>c:\users\avectoi\documents\visual studio 2013\projects\consoleapplication2\consoleapplication2\main.cpp(76): warning C4244: “参数”: 从“double”转换到“int”，可能丢失数据
     1>c:\users\avectoi\documents\visual studio 2013\projects\consoleapplication2\consoleapplication2\main.cpp(194): warning C4018: “<”: 有符号/无符号不匹配
     1>c:\users\avectoi\documents\visual studio 2013\projects\consoleapplication2\consoleapplication2\main.cpp(216): warning C4244: “=”: 从“float”转换到“int”，可能丢失数据
     1>c:\users\avectoi\documents\visual studio 2013\projects\consoleapplication2\consoleapplication2\main.cpp(217): warning C4244: “=”: 从“float”转换到“int”，可能丢失数据
     1>c:\users\avectoi\documents\visual studio 2013\projects\consoleapplication2\consoleapplication2\main.cpp(414): warning C4244: “参数”: 从“double”转换到“int”，可能丢失数据
     1>c:\users\avectoi\documents\visual studio 2013\projects\consoleapplication2\consoleapplication2\main.cpp(532): warning C4018: “<”: 有符号/无符号不匹配
     1>c:\users\avectoi\documents\visual studio 2013\projects\consoleapplication2\consoleapplication2\main.cpp(554): warning C4244: “=”: 从“float”转换到“int”，可能丢失数据
     1>c:\users\avectoi\documents\visual studio 2013\projects\consoleapplication2\consoleapplication2\main.cpp(555): warning C4244: “=”: 从“float”转换到“int”，可能丢失数据
       Link:
         C:\Program Files (x86)\Microsoft Visual Studio 12.0\VC\bin\link.exe /ERRORREPORT:PROMPT /OUT:"C:\Users\avectoi\Documents\Visual Studio 2013\Projects\ConsoleApplication2\Debug\ConsoleApplication2.exe" /INCREMENTAL /NOLOGO opencv_ml249d.lib opencv_calib3d249d.lib opencv_contrib249d.lib opencv_core249d.lib opencv_features2d249d.lib opencv_flann249d.lib opencv_gpu249d.lib opencv_highgui249d.lib opencv_imgproc249d.lib opencv_legacy249d.lib opencv_objdetect249d.lib opencv_ts249d.lib opencv_video249d.lib opencv_nonfree249d.lib opencv_ocl249d.lib opencv_photo249d.lib opencv_stitching249d.lib opencv_superres249d.lib opencv_videostab249d.lib kernel32.lib user32.lib gdi32.lib winspool.lib comdlg32.lib advapi32.lib shell32.lib ole32.lib oleaut32.lib uuid.lib odbc32.lib odbccp32.lib /MANIFEST /MANIFESTUAC:"level='asInvoker' uiAccess='false'" /manifest:embed /DEBUG /PDB:"C:\Users\avectoi\Documents\Visual Studio 2013\Projects\ConsoleApplication2\Debug\ConsoleApplication2.pdb" /SUBSYSTEM:CONSOLE /TLBID:1 /DYNAMICBASE /NXCOMPAT /IMPLIB:"C:\Users\avectoi\Documents\Visual Studio 2013\Projects\ConsoleApplication2\Debug\ConsoleApplication2.lib" /MACHINE:X86 Debug\function.obj
         Debug\main.obj
         ConsoleApplication2.vcxproj -> C:\Users\avectoi\Documents\Visual Studio 2013\Projects\ConsoleApplication2\Debug\ConsoleApplication2.exe
     1>已完成生成项目“C:\Users\avectoi\Documents\Visual Studio 2013\Projects\ConsoleApplication2\ConsoleApplication2\ConsoleApplication2.vcxproj”(Build 个目标)的操作。

生成成功。

已用时间 00:00:05.37
