生成启动时间为 2016/12/30 21:16:08。
     1>项目“D:\ZP\ConsoleApplication2\ConsoleApplication2\ConsoleApplication2.vcxproj”在节点 2 上(Build 个目标)。
     1>ClCompile:
         C:\Program Files (x86)\Microsoft Visual Studio 12.0\VC\bin\CL.exe /c /ZI /nologo /W3 /WX- /Od /Oy- /D WIN32 /D _DEBUG /D _CONSOLE /D _LIB /D _UNICODE /D UNICODE /Gm /EHsc /RTC1 /MDd /GS /fp:precise /Zc:wchar_t /Zc:forScope /Fo"Debug\\" /Fd"Debug\vc120.pdb" /Gd /TP /analyze- /errorReport:prompt main.cpp
         main.cpp
     1>d:\zp\consoleapplication2\consoleapplication2\main.cpp(56): warning C4244: “初始化”: 从“double”转换到“long”，可能丢失数据
     1>d:\zp\consoleapplication2\consoleapplication2\main.cpp(78): warning C4244: “参数”: 从“double”转换到“int”，可能丢失数据
     1>d:\zp\consoleapplication2\consoleapplication2\main.cpp(196): warning C4018: “<”: 有符号/无符号不匹配
     1>d:\zp\consoleapplication2\consoleapplication2\main.cpp(218): warning C4244: “=”: 从“float”转换到“int”，可能丢失数据
     1>d:\zp\consoleapplication2\consoleapplication2\main.cpp(219): warning C4244: “=”: 从“float”转换到“int”，可能丢失数据
     1>d:\zp\consoleapplication2\consoleapplication2\main.cpp(406): warning C4244: “初始化”: 从“double”转换到“long”，可能丢失数据
     1>d:\zp\consoleapplication2\consoleapplication2\main.cpp(428): warning C4244: “参数”: 从“double”转换到“int”，可能丢失数据
     1>d:\zp\consoleapplication2\consoleapplication2\main.cpp(550): warning C4018: “<”: 有符号/无符号不匹配
     1>d:\zp\consoleapplication2\consoleapplication2\main.cpp(572): warning C4244: “=”: 从“float”转换到“int”，可能丢失数据
     1>d:\zp\consoleapplication2\consoleapplication2\main.cpp(573): warning C4244: “=”: 从“float”转换到“int”，可能丢失数据
     1>d:\zp\consoleapplication2\consoleapplication2\main.cpp(393): warning C4715: “main1”: 不是所有的控件路径都返回值
     1>d:\zp\consoleapplication2\consoleapplication2\main.cpp(748): warning C4715: “main2”: 不是所有的控件路径都返回值
       Link:
         C:\Program Files (x86)\Microsoft Visual Studio 12.0\VC\bin\link.exe /ERRORREPORT:PROMPT /OUT:"D:\ZP\ConsoleApplication2\Debug\ConsoleApplication2.exe" /INCREMENTAL /NOLOGO opencv_ml249d.lib opencv_calib3d249d.lib opencv_contrib249d.lib opencv_core249d.lib opencv_features2d249d.lib opencv_flann249d.lib opencv_gpu249d.lib opencv_highgui249d.lib opencv_imgproc249d.lib opencv_legacy249d.lib opencv_objdetect249d.lib opencv_ts249d.lib opencv_video249d.lib opencv_nonfree249d.lib opencv_ocl249d.lib opencv_photo249d.lib opencv_stitching249d.lib opencv_superres249d.lib opencv_videostab249d.lib kernel32.lib user32.lib gdi32.lib winspool.lib comdlg32.lib advapi32.lib shell32.lib ole32.lib oleaut32.lib uuid.lib odbc32.lib odbccp32.lib /MANIFEST /MANIFESTUAC:"level='asInvoker' uiAccess='false'" /manifest:embed /DEBUG /PDB:"D:\ZP\ConsoleApplication2\Debug\ConsoleApplication2.pdb" /SUBSYSTEM:CONSOLE /TLBID:1 /DYNAMICBASE /NXCOMPAT /IMPLIB:"D:\ZP\ConsoleApplication2\Debug\ConsoleApplication2.lib" /MACHINE:X86 Debug\function.obj
         Debug\main.obj
         ConsoleApplication2.vcxproj -> D:\ZP\ConsoleApplication2\Debug\ConsoleApplication2.exe
     1>已完成生成项目“D:\ZP\ConsoleApplication2\ConsoleApplication2\ConsoleApplication2.vcxproj”(Build 个目标)的操作。

生成成功。

已用时间 00:00:01.20
