生成启动时间为 2017/2/23 23:18:01。
     1>项目“E:\Computer Graphics\VideoDownload\VideoDownload\VideoDownload.vcxproj”在节点 2 上(Build 个目标)。
     1>ClCompile:
         C:\Program Files (x86)\Microsoft Visual Studio 12.0\VC\bin\x86_amd64\CL.exe /c /Zi /nologo /W3 /WX- /sdl /Od /D _MBCS /Gm /EHsc /RTC1 /MDd /GS /fp:precise /Zc:wchar_t /Zc:forScope /Fo"x64\Debug\\" /Fd"x64\Debug\vc120.pdb" /Gd /TP /errorReport:prompt main.cpp
         main.cpp
     1>main.cpp(35): warning C4267: “初始化”: 从“size_t”转换到“int”，可能丢失数据
       Link:
         C:\Program Files (x86)\Microsoft Visual Studio 12.0\VC\bin\x86_amd64\link.exe /ERRORREPORT:PROMPT /OUT:"E:\Computer Graphics\VideoDownload\x64\Debug\VideoDownload.exe" /INCREMENTAL /NOLOGO kernel32.lib user32.lib gdi32.lib winspool.lib comdlg32.lib advapi32.lib shell32.lib ole32.lib oleaut32.lib uuid.lib odbc32.lib odbccp32.lib /MANIFEST /MANIFESTUAC:"level='asInvoker' uiAccess='false'" /manifest:embed /PDB:"E:\Computer Graphics\VideoDownload\x64\Debug\VideoDownload.pdb" /TLBID:1 /DYNAMICBASE /NXCOMPAT /IMPLIB:"E:\Computer Graphics\VideoDownload\x64\Debug\VideoDownload.lib" /MACHINE:X64 x64\Debug\main.obj
     1>main.obj : error LNK2019: 无法解析的外部符号 __imp_NET_DVR_Init，该符号在函数 main 中被引用
     1>main.obj : error LNK2019: 无法解析的外部符号 __imp_NET_DVR_Cleanup，该符号在函数 main 中被引用
     1>main.obj : error LNK2019: 无法解析的外部符号 __imp_NET_DVR_SetConnectTime，该符号在函数 main 中被引用
     1>main.obj : error LNK2019: 无法解析的外部符号 __imp_NET_DVR_SetReconnect，该符号在函数 main 中被引用
     1>main.obj : error LNK2019: 无法解析的外部符号 __imp_NET_DVR_Login_V30，该符号在函数 main 中被引用
     1>main.obj : error LNK2019: 无法解析的外部符号 __imp_NET_DVR_Logout，该符号在函数 main 中被引用
     1>main.obj : error LNK2019: 无法解析的外部符号 __imp_NET_DVR_GetLastError，该符号在函数 main 中被引用
     1>main.obj : error LNK2019: 无法解析的外部符号 __imp_NET_DVR_StopRealPlay，该符号在函数 main 中被引用
     1>main.obj : error LNK2019: 无法解析的外部符号 __imp_NET_DVR_SaveRealData，该符号在函数 main 中被引用
     1>main.obj : error LNK2019: 无法解析的外部符号 __imp_NET_DVR_StopSaveRealData，该符号在函数 main 中被引用
     1>main.obj : error LNK2019: 无法解析的外部符号 __imp_NET_DVR_RealPlay_V40，该符号在函数 main 中被引用
     1>E:\Computer Graphics\VideoDownload\x64\Debug\VideoDownload.exe : fatal error LNK1120: 11 个无法解析的外部命令
     1>已完成生成项目“E:\Computer Graphics\VideoDownload\VideoDownload\VideoDownload.vcxproj”(Build 个目标)的操作 - 失败。

生成失败。

已用时间 00:00:09.70
